<?xml version="1.0" encoding="UTF-8"?>
<!-- Generated by org.testng.reporters.JUnitReportReporter -->
<testsuite hostname="DESKTOP-094K6CU" failures="0" tests="1" name="Tests.AccountTest" time="16.505" errors="0" timestamp="2 Apr 2024 03:04:01 GMT">
  <testcase classname="Tests.AccountTest" name="report" time="16.505"/>
</testsuite> <!-- Tests.AccountTest -->
