<?xml version="1.0" encoding="UTF-8"?>
<!-- Generated by org.testng.reporters.JUnitReportReporter -->
<testsuite hostname="DESKTOP-094K6CU" failures="0" tests="1" name="Tests.ContactTest" time="10.008" errors="0" timestamp="2 Apr 2024 20:23:14 GMT">
  <testcase classname="Tests.ContactTest" name="saveNew" time="10.008"/>
</testsuite> <!-- Tests.ContactTest -->
