<?xml version="1.0" encoding="UTF-8"?>
<!-- Generated by org.testng.reporters.JUnitReportReporter -->
<testsuite hostname="DESKTOP-094K6CU" failures="0" tests="1" name="Tests.LoginTest" time="2.587" errors="0" timestamp="29 Mar 2024 20:29:25 GMT">
  <testcase classname="Tests.LoginTest" name="wrongLogin" time="2.587"/>
</testsuite> <!-- Tests.LoginTest -->
