<?xml version="1.0" encoding="UTF-8"?>
<!-- Generated by org.testng.reporters.JUnitReportReporter -->
<testsuite hostname="DESKTOP-094K6CU" failures="0" tests="1" name="Tests.RandomTest" time="19.620" errors="0" timestamp="3 Apr 2024 04:28:52 GMT">
  <testcase classname="Tests.RandomTest" name="blockWeekly" time="19.620"/>
</testsuite> <!-- Tests.RandomTest -->
