<?xml version="1.0" encoding="UTF-8"?>
<!-- Generated by org.testng.reporters.JUnitReportReporter -->
<testsuite hostname="DESKTOP-094K6CU" failures="0" tests="1" name="Tests.LeadsTest" time="10.090" errors="0" timestamp="2 Apr 2024 15:50:27 GMT">
  <testcase classname="Tests.LeadsTest" name="newLead" time="10.090"/>
</testsuite> <!-- Tests.LeadsTest -->
