<?xml version="1.0" encoding="UTF-8"?>
<!-- Generated by org.testng.reporters.JUnitReportReporter -->
<testsuite hostname="DESKTOP-094K6CU" failures="0" tests="1" name="Tests.Opp_Test" time="7.700" errors="0" timestamp="2 Apr 2024 04:12:57 GMT">
  <testcase classname="Tests.Opp_Test" name="summary" time="7.700"/>
</testsuite> <!-- Tests.Opp_Test -->
