<?xml version="1.0" encoding="UTF-8"?>
<!-- Generated by org.testng.reporters.JUnitReportReporter -->
<testsuite hostname="DESKTOP-094K6CU" failures="0" tests="1" name="Tests.HomeTest" time="17.550" errors="0" timestamp="1 Apr 2024 13:20:10 GMT">
  <testcase classname="Tests.HomeTest" name="logout" time="17.550"/>
</testsuite> <!-- Tests.HomeTest -->
